<?xml version="1.0" encoding="UTF-8"?>
<!-- Generated by org.testng.reporters.JUnitXMLReporter -->
<testsuite hostname="PC" ignored="0" tests="4" failures="0" timestamp="19 мар 2018 21:45:14 GMT" time="63.058" errors="0">
  <testcase name="AutenticationTest" time="4.461" classname="MyTestNGTest"/>
  <testcase name="NavigateToAddProductTest" time="10.295" classname="MyTestNGTest"/>
  <testcase name="AddNewProductTest" time="1.931" classname="MyTestNGTest"/>
  <testcase name="shopTest" time="31.182" classname="MyTestNGTest"/>
</testsuite>
